2026-07-21 16:26:55,158 - INFO - Program Started
2026-07-21 16:26:55,174 - INFO - Files Loaded
2026-07-21 16:26:55,196 - INFO - Missing Values Cleaned
2026-07-21 16:27:50,053 - INFO - Program Started
2026-07-21 16:27:50,058 - INFO - Files Loaded
2026-07-21 16:27:50,064 - INFO - Missing Values Cleaned
2026-07-21 16:27:50,442 - INFO - Using categorical units to plot a list of strings that are all parsable as floats or dates. If these strings should be plotted as numbers, cast to the appropriate data type before plotting.
2026-07-21 16:27:50,442 - INFO - Using categorical units to plot a list of strings that are all parsable as floats or dates. If these strings should be plotted as numbers, cast to the appropriate data type before plotting.
2026-07-21 16:27:50,888 - INFO - Charts Generated
2026-07-21 16:27:50,896 - INFO - Reports Exported
2026-07-21 16:27:50,896 - INFO - Analysis Completed
2026-07-21 16:27:50,896 - INFO - Program Finished
2026-07-21 16:28:15,373 - INFO - Program Started
2026-07-21 16:28:15,379 - INFO - Files Loaded
2026-07-21 16:28:15,384 - INFO - Missing Values Cleaned
2026-07-21 16:28:15,661 - INFO - Using categorical units to plot a list of strings that are all parsable as floats or dates. If these strings should be plotted as numbers, cast to the appropriate data type before plotting.
2026-07-21 16:28:15,661 - INFO - Using categorical units to plot a list of strings that are all parsable as floats or dates. If these strings should be plotted as numbers, cast to the appropriate data type before plotting.
2026-07-21 16:28:16,178 - INFO - Charts Generated
2026-07-21 16:28:16,184 - INFO - Reports Exported
2026-07-21 16:28:16,184 - INFO - Analysis Completed
2026-07-21 16:28:16,184 - INFO - Program Finished
2026-07-21 16:37:49,385 - INFO - Program Started
2026-07-21 16:37:49,396 - INFO - Files Loaded
2026-07-21 16:37:49,412 - INFO - Missing Values Cleaned
2026-07-21 16:38:02,306 - INFO - Charts Generated
2026-07-21 16:38:02,321 - INFO - Reports Exported
2026-07-21 16:38:02,321 - INFO - Analysis Completed
2026-07-21 16:38:02,321 - INFO - Program Finished
2026-07-21 16:40:49,858 - INFO - Program Started
2026-07-21 16:40:49,864 - INFO - Files Loaded
2026-07-21 16:40:49,875 - INFO - Missing Values Cleaned
2026-07-21 16:40:59,039 - INFO - Using categorical units to plot a list of strings that are all parsable as floats or dates. If these strings should be plotted as numbers, cast to the appropriate data type before plotting.
2026-07-21 16:40:59,042 - INFO - Using categorical units to plot a list of strings that are all parsable as floats or dates. If these strings should be plotted as numbers, cast to the appropriate data type before plotting.
2026-07-21 16:41:07,668 - INFO - Charts Generated
2026-07-21 16:41:07,683 - INFO - Reports Exported
2026-07-21 16:41:07,683 - INFO - Analysis Completed
2026-07-21 16:41:07,683 - INFO - Program Finished
2026-07-21 16:41:50,197 - INFO - Program Started
2026-07-21 16:41:50,203 - INFO - Files Loaded
2026-07-21 16:41:50,214 - INFO - Missing Values Cleaned
2026-07-21 16:41:56,199 - INFO - Using categorical units to plot a list of strings that are all parsable as floats or dates. If these strings should be plotted as numbers, cast to the appropriate data type before plotting.
2026-07-21 16:41:56,200 - INFO - Using categorical units to plot a list of strings that are all parsable as floats or dates. If these strings should be plotted as numbers, cast to the appropriate data type before plotting.
2026-07-21 16:42:04,472 - INFO - Charts Generated
2026-07-21 16:42:04,482 - INFO - Reports Exported
2026-07-21 16:42:04,483 - INFO - Analysis Completed
2026-07-21 16:42:04,483 - INFO - Program Finished
2026-07-21 16:54:40,143 - INFO - Program Started
2026-07-21 16:54:40,150 - INFO - Files Loaded
2026-07-21 16:54:40,158 - INFO - Missing Values Cleaned
2026-07-21 16:54:46,505 - INFO - Using categorical units to plot a list of strings that are all parsable as floats or dates. If these strings should be plotted as numbers, cast to the appropriate data type before plotting.
2026-07-21 16:54:46,506 - INFO - Using categorical units to plot a list of strings that are all parsable as floats or dates. If these strings should be plotted as numbers, cast to the appropriate data type before plotting.
2026-07-21 16:54:53,306 - INFO - Charts Generated
2026-07-21 16:54:53,320 - INFO - Reports Exported
2026-07-21 16:54:53,321 - INFO - Analysis Completed
2026-07-21 16:54:53,321 - INFO - Program Finished
2026-07-21 17:05:22,888 - INFO - Program Started
2026-07-21 17:05:22,896 - INFO - Files Loaded
2026-07-21 17:05:22,905 - INFO - Missing Values Cleaned
2026-07-21 17:05:47,998 - INFO - Using categorical units to plot a list of strings that are all parsable as floats or dates. If these strings should be plotted as numbers, cast to the appropriate data type before plotting.
2026-07-21 17:05:47,999 - INFO - Using categorical units to plot a list of strings that are all parsable as floats or dates. If these strings should be plotted as numbers, cast to the appropriate data type before plotting.
2026-07-21 17:06:07,434 - INFO - Charts Generated
2026-07-21 17:06:07,444 - INFO - Reports Exported
2026-07-21 17:06:07,444 - INFO - Analysis Completed
2026-07-21 17:06:07,444 - INFO - Program Finished
2026-07-21 17:07:22,832 - INFO - Program Started
2026-07-21 17:07:22,838 - INFO - Files Loaded
2026-07-21 17:07:22,846 - INFO - Missing Values Cleaned
2026-07-21 17:07:34,979 - INFO - Using categorical units to plot a list of strings that are all parsable as floats or dates. If these strings should be plotted as numbers, cast to the appropriate data type before plotting.
2026-07-21 17:07:34,979 - INFO - Using categorical units to plot a list of strings that are all parsable as floats or dates. If these strings should be plotted as numbers, cast to the appropriate data type before plotting.
2026-07-21 17:07:51,182 - INFO - Charts Generated
2026-07-21 17:07:51,192 - INFO - Reports Exported
2026-07-21 17:07:51,192 - INFO - Analysis Completed
2026-07-21 17:07:51,192 - INFO - Program Finished
2026-07-21 17:16:11,535 - INFO - Program Started
2026-07-21 17:16:11,541 - INFO - Files Loaded
2026-07-21 17:16:11,552 - INFO - Missing Values Cleaned
2026-07-21 17:16:17,386 - INFO - Using categorical units to plot a list of strings that are all parsable as floats or dates. If these strings should be plotted as numbers, cast to the appropriate data type before plotting.
2026-07-21 17:16:17,387 - INFO - Using categorical units to plot a list of strings that are all parsable as floats or dates. If these strings should be plotted as numbers, cast to the appropriate data type before plotting.
2026-07-21 17:16:23,320 - INFO - Charts Generated
2026-07-21 17:16:23,330 - INFO - Reports Exported
2026-07-21 17:16:23,330 - INFO - Analysis Completed
2026-07-21 17:16:23,330 - INFO - Program Finished
2026-07-21 17:21:10,309 - INFO - Program Started
2026-07-21 17:21:10,388 - INFO - Files Loaded
2026-07-21 17:21:10,409 - INFO - Missing Values Cleaned
2026-07-21 17:21:17,227 - INFO - Using categorical units to plot a list of strings that are all parsable as floats or dates. If these strings should be plotted as numbers, cast to the appropriate data type before plotting.
2026-07-21 17:21:17,228 - INFO - Using categorical units to plot a list of strings that are all parsable as floats or dates. If these strings should be plotted as numbers, cast to the appropriate data type before plotting.
2026-07-21 17:21:27,433 - INFO - Charts Generated
2026-07-21 17:21:27,454 - INFO - Reports Exported
2026-07-21 17:21:27,454 - INFO - Analysis Completed
2026-07-21 17:21:27,455 - INFO - Program Finished
